Operating on a GPU node; loading a GPU version
GPU available: True, used: True
TPU available: False, using: 0 TPU cores
IPU available: False, using: 0 IPUs
LOCAL_RANK: 0 - CUDA_VISIBLE_DEVICES: [0]
Set SLURM handle signals.

  | Name  | Type   | Params
---------------------------------
0 | model | ResNet | 44.5 M
---------------------------------
44.5 M    Trainable params
0         Non-trainable params
44.5 M    Total params
178.197   Total estimated model params size (MB)
FIT Profiler Report

Action                             	|  Mean duration (s)	|Num calls      	|  Total time (s) 	|  Percentage %   	|
--------------------------------------------------------------------------------------------------------------------------------------
Total                              	|  -              	|_              	|  1.7233e+04     	|  100 %          	|
--------------------------------------------------------------------------------------------------------------------------------------
run_training_epoch                 	|  1722.5         	|10             	|  1.7225e+04     	|  99.957         	|
run_training_batch                 	|  1.1056         	|14490          	|  1.6021e+04     	|  92.968         	|
optimizer_step_with_closure_0      	|  1.1039         	|14490          	|  1.5996e+04     	|  92.823         	|
training_step_and_backward         	|  0.42187        	|14490          	|  6112.9         	|  35.473         	|
model_forward                      	|  0.31719        	|14490          	|  4596.0         	|  26.671         	|
training_step                      	|  0.31703        	|14490          	|  4593.8         	|  26.658         	|
backward                           	|  0.10209        	|14490          	|  1479.3         	|  8.5846         	|
evaluation_step_and_end            	|  0.31257        	|3632           	|  1135.3         	|  6.5878         	|
validation_step                    	|  0.3125         	|3632           	|  1135.0         	|  6.5863         	|
zero_grad                          	|  0.0025655      	|14490          	|  37.174         	|  0.21572        	|
on_train_batch_end                 	|  0.0013369      	|14490          	|  19.371         	|  0.11241        	|
on_train_epoch_end                 	|  1.0869         	|10             	|  10.869         	|  0.063071       	|
get_train_batch                    	|  0.0006635      	|14500          	|  9.6207         	|  0.055829       	|
fetch_next_train_batch             	|  0.00065053     	|14500          	|  9.4326         	|  0.054737       	|
get_validate_batch                 	|  0.0020249      	|3640           	|  7.3706         	|  0.042771       	|
fetch_next_validate_batch          	|  0.0020123      	|3640           	|  7.3246         	|  0.042504       	|
training_batch_to_device           	|  0.00016926     	|14490          	|  2.4526         	|  0.014232       	|
on_validation_batch_end            	|  0.00059005     	|3632           	|  2.1431         	|  0.012436       	|
on_train_batch_start               	|  0.0001101      	|14490          	|  1.5954         	|  0.0092578      	|
get_sanity_check_batch             	|  0.23041        	|3              	|  0.69124        	|  0.0040112      	|
fetch_next_sanity_check_batch      	|  0.23038        	|3              	|  0.69115        	|  0.0040107      	|
evaluation_batch_to_device         	|  0.00018631     	|3632           	|  0.67668        	|  0.0039267      	|
on_after_backward                  	|  1.4966e-05     	|14490          	|  0.21685        	|  0.0012584      	|
on_before_zero_grad                	|  1.3942e-05     	|14490          	|  0.20203        	|  0.0011723      	|
on_batch_start                     	|  1.3403e-05     	|14490          	|  0.19421        	|  0.001127       	|
on_before_backward                 	|  1.1974e-05     	|14490          	|  0.1735         	|  0.0010068      	|
on_batch_end                       	|  1.1633e-05     	|14490          	|  0.16857        	|  0.00097818     	|
on_before_optimizer_step           	|  8.8904e-06     	|14490          	|  0.12882        	|  0.00074755     	|
training_step_end                  	|  7.4601e-06     	|14490          	|  0.1081         	|  0.00062728     	|
on_validation_batch_start          	|  9.774e-06      	|3632           	|  0.035499       	|  0.000206       	|
validation_step_end                	|  7.7959e-06     	|3632           	|  0.028315       	|  0.00016431     	|
on_train_epoch_start               	|  0.0015435      	|10             	|  0.015435       	|  8.9567e-05     	|
on_validation_model_eval           	|  0.00076169     	|11             	|  0.0083786      	|  4.8621e-05     	|
on_pretrain_routine_start          	|  0.0083303      	|1              	|  0.0083303      	|  4.834e-05      	|
on_train_start                     	|  0.0071702      	|1              	|  0.0071702      	|  4.1609e-05     	|
on_validation_end                  	|  0.00044527     	|11             	|  0.004898       	|  2.8423e-05     	|
on_validation_start                	|  0.00039866     	|11             	|  0.0043853      	|  2.5448e-05     	|
on_sanity_check_start              	|  0.0017149      	|1              	|  0.0017149      	|  9.9514e-06     	|
configure_optimizers               	|  0.0010972      	|1              	|  0.0010972      	|  6.3669e-06     	|
on_train_end                       	|  0.00036679     	|1              	|  0.00036679     	|  2.1285e-06     	|
on_validation_epoch_end            	|  2.565e-05      	|11             	|  0.00028214     	|  1.6373e-06     	|
on_epoch_end                       	|  1.1585e-05     	|21             	|  0.00024329     	|  1.4118e-06     	|
on_epoch_start                     	|  1.0039e-05     	|21             	|  0.00021081     	|  1.2234e-06     	|
on_validation_epoch_start          	|  8.72e-06       	|11             	|  9.592e-05      	|  5.5662e-07     	|
on_fit_end                         	|  2.3405e-05     	|1              	|  2.3405e-05     	|  1.3582e-07     	|
on_sanity_check_end                	|  2.131e-05      	|1              	|  2.131e-05      	|  1.2366e-07     	|
teardown                           	|  1.6722e-05     	|1              	|  1.6722e-05     	|  9.7037e-08     	|
on_configure_sharded_model         	|  1.6551e-05     	|1              	|  1.6551e-05     	|  9.6045e-08     	|
on_fit_start                       	|  1.556e-05      	|1              	|  1.556e-05      	|  9.0294e-08     	|
on_before_accelerator_backend_setup	|  1.3014e-05     	|1              	|  1.3014e-05     	|  7.5519e-08     	|
setup                              	|  1.1723e-05     	|1              	|  1.1723e-05     	|  6.8028e-08     	|
on_pretrain_routine_end            	|  1.1492e-05     	|1              	|  1.1492e-05     	|  6.6688e-08     	|
on_train_dataloader                	|  1.0881e-05     	|1              	|  1.0881e-05     	|  6.3142e-08     	|
configure_callbacks                	|  6.191e-06      	|1              	|  6.191e-06      	|  3.5926e-08     	|
on_val_dataloader                  	|  5.711e-06      	|1              	|  5.711e-06      	|  3.3141e-08     	|
prepare_data                       	|  4.599e-06      	|1              	|  4.599e-06      	|  2.6688e-08     	|
configure_sharded_model            	|  4.139e-06      	|1              	|  4.139e-06      	|  2.4019e-08     	|

GPU available: True, used: True
TPU available: False, using: 0 TPU cores
IPU available: False, using: 0 IPUs
LOCAL_RANK: 0 - CUDA_VISIBLE_DEVICES: [0]
Set SLURM handle signals.

  | Name      | Type           | Params
---------------------------------------------
0 | augment   | Sequential     | 0     
1 | encoder   | EncoderWrapper | 54.0 M
2 | predictor | Linear         | 65.8 K
---------------------------------------------
54.1 M    Trainable params
0         Non-trainable params
54.1 M    Total params
216.259   Total estimated model params size (MB)
/apps/pytorch/1.8.1/lib/python3.9/site-packages/pytorch_lightning/callbacks/model_checkpoint.py:631: UserWarning: Checkpoint directory /blue/daisyw/v.pathak/Melanoma/lightning_logs/version_25280506/checkpoints exists and is not empty.
  rank_zero_warn(f"Checkpoint directory {dirpath} exists and is not empty.")
/apps/pytorch/1.8.1/lib/python3.9/site-packages/torch/nn/functional.py:3454: UserWarning: Default upsampling behavior when mode=bilinear is changed to align_corners=False since 0.4.0. Please specify align_corners=True if the old behavior is desired. See the documentation of nn.Upsample for details.
  warnings.warn(
FIT Profiler Report

Action                             	|  Mean duration (s)	|Num calls      	|  Total time (s) 	|  Percentage %   	|
--------------------------------------------------------------------------------------------------------------------------------------
Total                              	|  -              	|_              	|  4.2236e+04     	|  100 %          	|
--------------------------------------------------------------------------------------------------------------------------------------
run_training_epoch                 	|  4223.1         	|10             	|  4.2231e+04     	|  99.989         	|
run_training_batch                 	|  2.6165         	|14490          	|  3.7913e+04     	|  89.764         	|
training_step_and_backward         	|  2.0965         	|14490          	|  3.0379e+04     	|  71.925         	|
model_forward                      	|  1.2224         	|14490          	|  1.7712e+04     	|  41.937         	|
training_step                      	|  1.2222         	|14490          	|  1.771e+04      	|  41.932         	|
backward                           	|  0.87396        	|14490          	|  1.2664e+04     	|  29.983         	|
evaluation_step_and_end            	|  1.1663         	|3632           	|  4236.0         	|  10.029         	|
validation_step                    	|  1.1662         	|3632           	|  4235.7         	|  10.029         	|
optimizer_step_with_closure_0      	|  2.6285         	|910            	|  2392.0         	|  5.6633         	|
on_train_batch_end                 	|  0.0015798      	|14490          	|  22.892         	|  0.0542         	|
on_train_epoch_end                 	|  2.1822         	|10             	|  21.822         	|  0.051667       	|
get_train_batch                    	|  0.00068079     	|14500          	|  9.8715         	|  0.023372       	|
fetch_next_train_batch             	|  0.00066802     	|14500          	|  9.6863         	|  0.022934       	|
get_validate_batch                 	|  0.0020679      	|3640           	|  7.5271         	|  0.017821       	|
fetch_next_validate_batch          	|  0.0020546      	|3640           	|  7.4788         	|  0.017707       	|
on_validation_batch_end            	|  0.0012308      	|3632           	|  4.4701         	|  0.010584       	|
training_batch_to_device           	|  0.00016214     	|14490          	|  2.3494         	|  0.0055624      	|
zero_grad                          	|  0.0024909      	|910            	|  2.2668         	|  0.0053669      	|
on_train_batch_start               	|  0.00011535     	|14490          	|  1.6714         	|  0.0039573      	|
evaluation_batch_to_device         	|  0.00018953     	|3632           	|  0.68837        	|  0.0016298      	|
get_sanity_check_batch             	|  0.19254        	|3              	|  0.57761        	|  0.0013676      	|
fetch_next_sanity_check_batch      	|  0.19251        	|3              	|  0.57753        	|  0.0013674      	|
on_after_backward                  	|  1.7288e-05     	|14490          	|  0.2505         	|  0.0005931      	|
on_batch_start                     	|  1.4175e-05     	|14490          	|  0.2054         	|  0.00048631     	|
on_before_backward                 	|  1.3233e-05     	|14490          	|  0.19175        	|  0.00045398     	|
on_batch_end                       	|  1.1607e-05     	|14490          	|  0.16818        	|  0.00039819     	|
training_step_end                  	|  6.7838e-06     	|14490          	|  0.098297       	|  0.00023273     	|
on_validation_batch_start          	|  1.0161e-05     	|3632           	|  0.036905       	|  8.7379e-05     	|
validation_step_end                	|  7.454e-06      	|3632           	|  0.027073       	|  6.4099e-05     	|
on_validation_model_eval           	|  0.0015987      	|11             	|  0.017586       	|  4.1638e-05     	|
on_pretrain_routine_start          	|  0.012503       	|1              	|  0.012503       	|  2.9603e-05     	|
on_before_zero_grad                	|  1.3323e-05     	|910            	|  0.012124       	|  2.8706e-05     	|
on_before_optimizer_step           	|  1.1877e-05     	|910            	|  0.010808       	|  2.559e-05      	|
on_train_start                     	|  0.0069271      	|1              	|  0.0069271      	|  1.6401e-05     	|
on_validation_end                  	|  0.00048709     	|11             	|  0.005358       	|  1.2686e-05     	|
on_train_epoch_start               	|  0.00050145     	|10             	|  0.0050145      	|  1.1872e-05     	|
on_validation_start                	|  0.00042466     	|11             	|  0.0046713      	|  1.106e-05      	|
configure_optimizers               	|  0.0017556      	|1              	|  0.0017556      	|  4.1566e-06     	|
on_sanity_check_start              	|  0.00093082     	|1              	|  0.00093082     	|  2.2038e-06     	|
on_train_end                       	|  0.00040852     	|1              	|  0.00040852     	|  9.6723e-07     	|
on_validation_epoch_end            	|  2.6474e-05     	|11             	|  0.00029121     	|  6.8948e-07     	|
on_epoch_end                       	|  1.2398e-05     	|21             	|  0.00026035     	|  6.1641e-07     	|
on_epoch_start                     	|  9.3967e-06     	|21             	|  0.00019733     	|  4.6721e-07     	|
on_validation_epoch_start          	|  9.059e-06      	|11             	|  9.9649e-05     	|  2.3593e-07     	|
on_configure_sharded_model         	|  2.2683e-05     	|1              	|  2.2683e-05     	|  5.3705e-08     	|
on_fit_start                       	|  1.8705e-05     	|1              	|  1.8705e-05     	|  4.4286e-08     	|
on_sanity_check_end                	|  1.7553e-05     	|1              	|  1.7553e-05     	|  4.1559e-08     	|
on_fit_end                         	|  1.7443e-05     	|1              	|  1.7443e-05     	|  4.1299e-08     	|
on_before_accelerator_backend_setup	|  1.6401e-05     	|1              	|  1.6401e-05     	|  3.8832e-08     	|
teardown                           	|  1.57e-05       	|1              	|  1.57e-05       	|  3.7172e-08     	|
setup                              	|  1.5289e-05     	|1              	|  1.5289e-05     	|  3.6199e-08     	|
configure_callbacks                	|  1.1081e-05     	|1              	|  1.1081e-05     	|  2.6236e-08     	|
on_pretrain_routine_end            	|  9.699e-06      	|1              	|  9.699e-06      	|  2.2964e-08     	|
prepare_data                       	|  6.3221e-06     	|1              	|  6.3221e-06     	|  1.4968e-08     	|
configure_sharded_model            	|  5.1591e-06     	|1              	|  5.1591e-06     	|  1.2215e-08     	|
on_train_dataloader                	|  4.528e-06      	|1              	|  4.528e-06      	|  1.0721e-08     	|
on_val_dataloader                  	|  4.118e-06      	|1              	|  4.118e-06      	|  9.7498e-09     	|

GPU available: True, used: True
TPU available: False, using: 0 TPU cores
IPU available: False, using: 0 IPUs
LOCAL_RANK: 0 - CUDA_VISIBLE_DEVICES: [0]
Set SLURM handle signals.

  | Name  | Type   | Params
---------------------------------
0 | model | ResNet | 44.5 M
---------------------------------
44.5 M    Trainable params
0         Non-trainable params
44.5 M    Total params
178.197   Total estimated model params size (MB)
FIT Profiler Report

Action                             	|  Mean duration (s)	|Num calls      	|  Total time (s) 	|  Percentage %   	|
--------------------------------------------------------------------------------------------------------------------------------------
Total                              	|  -              	|_              	|  1.9714e+04     	|  100 %          	|
--------------------------------------------------------------------------------------------------------------------------------------
run_training_epoch                 	|  1971.2         	|10             	|  1.9712e+04     	|  99.989         	|
run_training_batch                 	|  1.2671         	|14490          	|  1.8361e+04     	|  93.133         	|
optimizer_step_with_closure_0      	|  1.2648         	|14490          	|  1.8327e+04     	|  92.964         	|
training_step_and_backward         	|  0.48064        	|14490          	|  6964.4         	|  35.326         	|
model_forward                      	|  0.36345        	|14490          	|  5266.4         	|  26.713         	|
training_step                      	|  0.36329        	|14490          	|  5264.1         	|  26.702         	|
backward                           	|  0.11458        	|14490          	|  1660.2         	|  8.4213         	|
evaluation_step_and_end            	|  0.34764        	|3632           	|  1262.6         	|  6.4046         	|
validation_step                    	|  0.34757        	|3632           	|  1262.4         	|  6.4033         	|
zero_grad                          	|  0.0025862      	|14490          	|  37.474         	|  0.19009        	|
on_train_batch_end                 	|  0.0021763      	|14490          	|  31.535         	|  0.15996        	|
on_train_epoch_end                 	|  1.5525         	|10             	|  15.525         	|  0.078749       	|
get_train_batch                    	|  0.00065442     	|14500          	|  9.4891         	|  0.048133       	|
fetch_next_train_batch             	|  0.00064136     	|14500          	|  9.2997         	|  0.047172       	|
get_validate_batch                 	|  0.0021738      	|3640           	|  7.9125         	|  0.040136       	|
fetch_next_validate_batch          	|  0.0021611      	|3640           	|  7.8665         	|  0.039902       	|
on_validation_batch_end            	|  0.00063218     	|3632           	|  2.2961         	|  0.011647       	|
training_batch_to_device           	|  0.000154       	|14490          	|  2.2314         	|  0.011319       	|
on_train_batch_start               	|  0.00011331     	|14490          	|  1.6419         	|  0.0083284      	|
evaluation_batch_to_device         	|  0.00016631     	|3632           	|  0.60405        	|  0.003064       	|
get_sanity_check_batch             	|  0.19851        	|3              	|  0.59552        	|  0.0030207      	|
fetch_next_sanity_check_batch      	|  0.19847        	|3              	|  0.59542        	|  0.0030202      	|
on_before_zero_grad                	|  1.4557e-05     	|14490          	|  0.21093        	|  0.0010699      	|
on_batch_start                     	|  1.3357e-05     	|14490          	|  0.19354        	|  0.00098173     	|
on_after_backward                  	|  1.2924e-05     	|14490          	|  0.18727        	|  0.00094992     	|
on_before_backward                 	|  1.1856e-05     	|14490          	|  0.1718         	|  0.00087142     	|
on_batch_end                       	|  1.114e-05      	|14490          	|  0.16142        	|  0.00081881     	|
on_before_optimizer_step           	|  8.9148e-06     	|14490          	|  0.12918        	|  0.00065523     	|
training_step_end                  	|  6.5941e-06     	|14490          	|  0.095549       	|  0.00048466     	|
on_validation_batch_start          	|  9.6387e-06     	|3632           	|  0.035008       	|  0.00017757     	|
validation_step_end                	|  7.3778e-06     	|3632           	|  0.026796       	|  0.00013592     	|
on_validation_model_eval           	|  0.00086508     	|11             	|  0.0095159      	|  4.8269e-05     	|
on_train_start                     	|  0.0086668      	|1              	|  0.0086668      	|  4.3962e-05     	|
on_pretrain_routine_start          	|  0.0077873      	|1              	|  0.0077873      	|  3.9501e-05     	|
on_validation_end                  	|  0.0004947      	|11             	|  0.0054417      	|  2.7603e-05     	|
on_validation_start                	|  0.0004515      	|11             	|  0.0049666      	|  2.5192e-05     	|
on_train_epoch_start               	|  0.00043705     	|10             	|  0.0043705      	|  2.2169e-05     	|
configure_optimizers               	|  0.0015744      	|1              	|  0.0015744      	|  7.986e-06      	|
on_sanity_check_start              	|  0.00037528     	|1              	|  0.00037528     	|  1.9036e-06     	|
on_train_end                       	|  0.0002966      	|1              	|  0.0002966      	|  1.5045e-06     	|
on_validation_epoch_end            	|  2.3535e-05     	|11             	|  0.00025888     	|  1.3131e-06     	|
on_epoch_end                       	|  1.1631e-05     	|21             	|  0.00024424     	|  1.2389e-06     	|
on_epoch_start                     	|  9.9818e-06     	|21             	|  0.00020962     	|  1.0633e-06     	|
on_validation_epoch_start          	|  8.5662e-06     	|11             	|  9.4228e-05     	|  4.7796e-07     	|
on_configure_sharded_model         	|  1.9156e-05     	|1              	|  1.9156e-05     	|  9.7167e-08     	|
on_fit_end                         	|  1.8666e-05     	|1              	|  1.8666e-05     	|  9.4682e-08     	|
on_fit_start                       	|  1.8425e-05     	|1              	|  1.8425e-05     	|  9.3459e-08     	|
on_sanity_check_end                	|  1.7653e-05     	|1              	|  1.7653e-05     	|  8.9543e-08     	|
teardown                           	|  1.4998e-05     	|1              	|  1.4998e-05     	|  7.6076e-08     	|
on_before_accelerator_backend_setup	|  1.4678e-05     	|1              	|  1.4678e-05     	|  7.4453e-08     	|
setup                              	|  1.2223e-05     	|1              	|  1.2223e-05     	|  6.2e-08        	|
on_pretrain_routine_end            	|  9.3479e-06     	|1              	|  9.3479e-06     	|  4.7417e-08     	|
on_train_dataloader                	|  8.9359e-06     	|1              	|  8.9359e-06     	|  4.5327e-08     	|
configure_callbacks                	|  6.362e-06      	|1              	|  6.362e-06      	|  3.2271e-08     	|
configure_sharded_model            	|  4.9699e-06     	|1              	|  4.9699e-06     	|  2.5209e-08     	|
prepare_data                       	|  4.629e-06      	|1              	|  4.629e-06      	|  2.348e-08      	|
on_val_dataloader                  	|  3.8981e-06     	|1              	|  3.8981e-06     	|  1.9773e-08     	|

